Analysis & Synthesis report for LEG16
Thu May  5 21:07:31 2022
Quartus Prime Version 21.1.0 Build 842 10/21/2021 SJ Lite Edition


---------------------
; Table of Contents ;
---------------------
  1. Legal Notice
  2. Analysis & Synthesis Summary
  3. Analysis & Synthesis Settings
  4. Parallel Compilation
  5. Analysis & Synthesis Source Files Read
  6. Analysis & Synthesis Resource Usage Summary
  7. Analysis & Synthesis Resource Utilization by Entity
  8. State Machine - |VGA_Test|VGA_SYNC_module:U1|LCD_Display:U1|next_command
  9. State Machine - |VGA_Test|VGA_SYNC_module:U1|LCD_Display:U1|state
 10. State Machine - |VGA_Test|LCD_Display:U2|next_command
 11. State Machine - |VGA_Test|LCD_Display:U2|state
 12. Registers Removed During Synthesis
 13. Removed Registers Triggering Further Register Optimizations
 14. General Register Statistics
 15. Inverted Register Statistics
 16. Multiplexer Restructuring Statistics (Restructuring Performed)
 17. Parameter Settings for User Entity Instance: LCD_Display:U2
 18. Parameter Settings for User Entity Instance: VGA_SYNC_module:U1|LCD_Display:U1
 19. Port Connectivity Checks: "VGA_SYNC_module:U1"
 20. Post-Synthesis Netlist Statistics for Top Partition
 21. Elapsed Time Per Partition
 22. Analysis & Synthesis Messages



----------------
; Legal Notice ;
----------------
Copyright (C) 2021  Intel Corporation. All rights reserved.
Your use of Intel Corporation's design tools, logic functions 
and other software and tools, and any partner logic 
functions, and any output files from any of the foregoing 
(including device programming or simulation files), and any 
associated documentation or information are expressly subject 
to the terms and conditions of the Intel Program License 
Subscription Agreement, the Intel Quartus Prime License Agreement,
the Intel FPGA IP License Agreement, or other applicable license
agreement, including, without limitation, that your use is for
the sole purpose of programming logic devices manufactured by
Intel and sold by Intel or its authorized distributors.  Please
refer to the applicable agreement for further details, at
https://fpgasoftware.intel.com/eula.



+----------------------------------------------------------------------------------+
; Analysis & Synthesis Summary                                                     ;
+------------------------------------+---------------------------------------------+
; Analysis & Synthesis Status        ; Successful - Thu May  5 21:07:31 2022       ;
; Quartus Prime Version              ; 21.1.0 Build 842 10/21/2021 SJ Lite Edition ;
; Revision Name                      ; LEG16                                       ;
; Top-level Entity Name              ; VGA_Test                                    ;
; Family                             ; Cyclone IV E                                ;
; Total logic elements               ; 114                                         ;
;     Total combinational functions  ; 111                                         ;
;     Dedicated logic registers      ; 60                                          ;
; Total registers                    ; 60                                          ;
; Total pins                         ; 65                                          ;
; Total virtual pins                 ; 0                                           ;
; Total memory bits                  ; 0                                           ;
; Embedded Multiplier 9-bit elements ; 0                                           ;
; Total PLLs                         ; 0                                           ;
+------------------------------------+---------------------------------------------+


+------------------------------------------------------------------------------------------------------------+
; Analysis & Synthesis Settings                                                                              ;
+------------------------------------------------------------------+--------------------+--------------------+
; Option                                                           ; Setting            ; Default Value      ;
+------------------------------------------------------------------+--------------------+--------------------+
; Device                                                           ; EP4CE115F29C7      ;                    ;
; Top-level entity name                                            ; VGA_Test           ; LEG16              ;
; Family name                                                      ; Cyclone IV E       ; Cyclone V          ;
; Use smart compilation                                            ; Off                ; Off                ;
; Enable parallel Assembler and Timing Analyzer during compilation ; On                 ; On                 ;
; Enable compact report table                                      ; Off                ; Off                ;
; Restructure Multiplexers                                         ; Auto               ; Auto               ;
; Create Debugging Nodes for IP Cores                              ; Off                ; Off                ;
; Preserve fewer node names                                        ; On                 ; On                 ;
; Intel FPGA IP Evaluation Mode                                    ; Enable             ; Enable             ;
; Verilog Version                                                  ; Verilog_2001       ; Verilog_2001       ;
; VHDL Version                                                     ; VHDL_1993          ; VHDL_1993          ;
; State Machine Processing                                         ; Auto               ; Auto               ;
; Safe State Machine                                               ; Off                ; Off                ;
; Extract Verilog State Machines                                   ; On                 ; On                 ;
; Extract VHDL State Machines                                      ; On                 ; On                 ;
; Ignore Verilog initial constructs                                ; Off                ; Off                ;
; Iteration limit for constant Verilog loops                       ; 5000               ; 5000               ;
; Iteration limit for non-constant Verilog loops                   ; 250                ; 250                ;
; Add Pass-Through Logic to Inferred RAMs                          ; On                 ; On                 ;
; Infer RAMs from Raw Logic                                        ; On                 ; On                 ;
; Parallel Synthesis                                               ; On                 ; On                 ;
; DSP Block Balancing                                              ; Auto               ; Auto               ;
; NOT Gate Push-Back                                               ; On                 ; On                 ;
; Power-Up Don't Care                                              ; On                 ; On                 ;
; Remove Redundant Logic Cells                                     ; Off                ; Off                ;
; Remove Duplicate Registers                                       ; On                 ; On                 ;
; Ignore CARRY Buffers                                             ; Off                ; Off                ;
; Ignore CASCADE Buffers                                           ; Off                ; Off                ;
; Ignore GLOBAL Buffers                                            ; Off                ; Off                ;
; Ignore ROW GLOBAL Buffers                                        ; Off                ; Off                ;
; Ignore LCELL Buffers                                             ; Off                ; Off                ;
; Ignore SOFT Buffers                                              ; On                 ; On                 ;
; Limit AHDL Integers to 32 Bits                                   ; Off                ; Off                ;
; Optimization Technique                                           ; Balanced           ; Balanced           ;
; Carry Chain Length                                               ; 70                 ; 70                 ;
; Auto Carry Chains                                                ; On                 ; On                 ;
; Auto Open-Drain Pins                                             ; On                 ; On                 ;
; Perform WYSIWYG Primitive Resynthesis                            ; Off                ; Off                ;
; Auto ROM Replacement                                             ; On                 ; On                 ;
; Auto RAM Replacement                                             ; On                 ; On                 ;
; Auto DSP Block Replacement                                       ; On                 ; On                 ;
; Auto Shift Register Replacement                                  ; Auto               ; Auto               ;
; Allow Shift Register Merging across Hierarchies                  ; Auto               ; Auto               ;
; Auto Clock Enable Replacement                                    ; On                 ; On                 ;
; Strict RAM Replacement                                           ; Off                ; Off                ;
; Allow Synchronous Control Signals                                ; On                 ; On                 ;
; Force Use of Synchronous Clear Signals                           ; Off                ; Off                ;
; Auto RAM Block Balancing                                         ; On                 ; On                 ;
; Auto RAM to Logic Cell Conversion                                ; Off                ; Off                ;
; Auto Resource Sharing                                            ; Off                ; Off                ;
; Allow Any RAM Size For Recognition                               ; Off                ; Off                ;
; Allow Any ROM Size For Recognition                               ; Off                ; Off                ;
; Allow Any Shift Register Size For Recognition                    ; Off                ; Off                ;
; Use LogicLock Constraints during Resource Balancing              ; On                 ; On                 ;
; Ignore translate_off and synthesis_off directives                ; Off                ; Off                ;
; Timing-Driven Synthesis                                          ; On                 ; On                 ;
; Report Parameter Settings                                        ; On                 ; On                 ;
; Report Source Assignments                                        ; On                 ; On                 ;
; Report Connectivity Checks                                       ; On                 ; On                 ;
; Ignore Maximum Fan-Out Assignments                               ; Off                ; Off                ;
; Synchronization Register Chain Length                            ; 2                  ; 2                  ;
; Power Optimization During Synthesis                              ; Normal compilation ; Normal compilation ;
; HDL message level                                                ; Level2             ; Level2             ;
; Suppress Register Optimization Related Messages                  ; Off                ; Off                ;
; Number of Removed Registers Reported in Synthesis Report         ; 5000               ; 5000               ;
; Number of Swept Nodes Reported in Synthesis Report               ; 5000               ; 5000               ;
; Number of Inverted Registers Reported in Synthesis Report        ; 100                ; 100                ;
; Clock MUX Protection                                             ; On                 ; On                 ;
; Auto Gated Clock Conversion                                      ; Off                ; Off                ;
; Block Design Naming                                              ; Auto               ; Auto               ;
; SDC constraint protection                                        ; Off                ; Off                ;
; Synthesis Effort                                                 ; Auto               ; Auto               ;
; Shift Register Replacement - Allow Asynchronous Clear Signal     ; On                 ; On                 ;
; Pre-Mapping Resynthesis Optimization                             ; Off                ; Off                ;
; Analysis & Synthesis Message Level                               ; Medium             ; Medium             ;
; Disable Register Merging Across Hierarchies                      ; Auto               ; Auto               ;
; Resource Aware Inference For Block RAM                           ; On                 ; On                 ;
+------------------------------------------------------------------+--------------------+--------------------+


+------------------------------------------+
; Parallel Compilation                     ;
+----------------------------+-------------+
; Processors                 ; Number      ;
+----------------------------+-------------+
; Number detected on machine ; 4           ;
; Maximum allowed            ; 4           ;
;                            ;             ;
; Average used               ; 1.00        ;
; Maximum used               ; 4           ;
;                            ;             ;
; Usage by Processor         ; % Time Used ;
;     Processor 1            ; 100.0%      ;
;     Processors 2-4         ;   0.0%      ;
+----------------------------+-------------+


+-----------------------------------------------------------------------------------------------------------------------------------------------------------------------+
; Analysis & Synthesis Source Files Read                                                                                                                                ;
+----------------------------------+-----------------+-----------------+--------------------------------------------------------------------------------------+---------+
; File Name with User-Entered Path ; Used in Netlist ; File Type       ; File Name with Absolute Path                                                         ; Library ;
+----------------------------------+-----------------+-----------------+--------------------------------------------------------------------------------------+---------+
; LCD_Display.vhd                  ; yes             ; User VHDL File  ; C:/Users/rab24ack/Desktop/FPGADesign/FinalProject/LEG16/Quartus/LCD_Display.vhd      ;         ;
; DE2_VGA/VGA_Test.vhd             ; yes             ; User VHDL File  ; C:/Users/rab24ack/Desktop/FPGADesign/FinalProject/LEG16/Quartus/DE2_VGA/VGA_Test.vhd ;         ;
; DE2_VGA/VGA_SYNC.VHD             ; yes             ; User VHDL File  ; C:/Users/rab24ack/Desktop/FPGADesign/FinalProject/LEG16/Quartus/DE2_VGA/VGA_SYNC.VHD ;         ;
+----------------------------------+-----------------+-----------------+--------------------------------------------------------------------------------------+---------+


+--------------------------------------------------------------+
; Analysis & Synthesis Resource Usage Summary                  ;
+---------------------------------------------+----------------+
; Resource                                    ; Usage          ;
+---------------------------------------------+----------------+
; Estimated Total logic elements              ; 114            ;
;                                             ;                ;
; Total combinational functions               ; 111            ;
; Logic element usage by number of LUT inputs ;                ;
;     -- 4 input functions                    ; 53             ;
;     -- 3 input functions                    ; 12             ;
;     -- <=2 input functions                  ; 46             ;
;                                             ;                ;
; Logic elements by mode                      ;                ;
;     -- normal mode                          ; 88             ;
;     -- arithmetic mode                      ; 23             ;
;                                             ;                ;
; Total registers                             ; 60             ;
;     -- Dedicated logic registers            ; 60             ;
;     -- I/O registers                        ; 0              ;
;                                             ;                ;
; I/O pins                                    ; 65             ;
;                                             ;                ;
; Embedded Multiplier 9-bit elements          ; 0              ;
;                                             ;                ;
; Maximum fan-out node                        ; CLOCK_50~input ;
; Maximum fan-out                             ; 60             ;
; Total fan-out                               ; 650            ;
; Average fan-out                             ; 2.10           ;
+---------------------------------------------+----------------+


+--------------------------------------------------------------------------------------------------------------------------------------------------------------------------------------------------------------------------------------+
; Analysis & Synthesis Resource Utilization by Entity                                                                                                                                                                                  ;
+----------------------------+---------------------+---------------------------+-------------+--------------+---------+-----------+------+--------------+---------------------------------------------+-----------------+--------------+
; Compilation Hierarchy Node ; Combinational ALUTs ; Dedicated Logic Registers ; Memory Bits ; DSP Elements ; DSP 9x9 ; DSP 18x18 ; Pins ; Virtual Pins ; Full Hierarchy Name                         ; Entity Name     ; Library Name ;
+----------------------------+---------------------+---------------------------+-------------+--------------+---------+-----------+------+--------------+---------------------------------------------+-----------------+--------------+
; |VGA_Test                  ; 111 (0)             ; 60 (0)                    ; 0           ; 0            ; 0       ; 0         ; 65   ; 0            ; |VGA_Test                                   ; VGA_Test        ; work         ;
;    |LCD_Display:U2|        ; 110 (110)           ; 60 (60)                   ; 0           ; 0            ; 0       ; 0         ; 0    ; 0            ; |VGA_Test|LCD_Display:U2                    ; LCD_Display     ; work         ;
;    |VGA_SYNC_module:U1|    ; 1 (0)               ; 0 (0)                     ; 0           ; 0            ; 0       ; 0         ; 0    ; 0            ; |VGA_Test|VGA_SYNC_module:U1                ; VGA_SYNC_module ; work         ;
;       |LCD_Display:U1|     ; 1 (1)               ; 0 (0)                     ; 0           ; 0            ; 0       ; 0         ; 0    ; 0            ; |VGA_Test|VGA_SYNC_module:U1|LCD_Display:U1 ; LCD_Display     ; work         ;
+----------------------------+---------------------+---------------------------+-------------+--------------+---------+-----------+------+--------------+---------------------------------------------+-----------------+--------------+
Note: For table entries with two numbers listed, the numbers in parentheses indicate the number of resources of the given type used by the specific entity alone. The numbers listed outside of parentheses indicate the total resources of the given type used by the specific entity and all of its sub-entities in the hierarchy.


Encoding Type:  One-Hot
+----------------------------------------------------------------------------------------------------------------------------------------------------------------------------------------------------------------------------------------------------------------------------------------------------------------------------------------------------------+
; State Machine - |VGA_Test|VGA_SYNC_module:U1|LCD_Display:U1|next_command                                                                                                                                                                                                                                                                                 ;
+----------------------------+----------------------------+--------------------------+---------------------+-------------------+---------------------+-------------------------+--------------------------+--------------------+---------------------------+-----------------------+-------------------------+-----------------------+---------------------+
; Name                       ; next_command.DISPLAY_CLEAR ; next_command.DISPLAY_OFF ; next_command.RESET3 ; next_command.HOLD ; next_command.RESET1 ; next_command.DROP_LCD_E ; next_command.RETURN_HOME ; next_command.LINE2 ; next_command.Print_String ; next_command.MODE_SET ; next_command.DISPLAY_ON ; next_command.FUNC_SET ; next_command.RESET2 ;
+----------------------------+----------------------------+--------------------------+---------------------+-------------------+---------------------+-------------------------+--------------------------+--------------------+---------------------------+-----------------------+-------------------------+-----------------------+---------------------+
; next_command.RESET2        ; 0                          ; 0                        ; 0                   ; 0                 ; 0                   ; 0                       ; 0                        ; 0                  ; 0                         ; 0                     ; 0                       ; 0                     ; 0                   ;
; next_command.FUNC_SET      ; 0                          ; 0                        ; 0                   ; 0                 ; 0                   ; 0                       ; 0                        ; 0                  ; 0                         ; 0                     ; 0                       ; 1                     ; 1                   ;
; next_command.DISPLAY_ON    ; 0                          ; 0                        ; 0                   ; 0                 ; 0                   ; 0                       ; 0                        ; 0                  ; 0                         ; 0                     ; 1                       ; 0                     ; 1                   ;
; next_command.MODE_SET      ; 0                          ; 0                        ; 0                   ; 0                 ; 0                   ; 0                       ; 0                        ; 0                  ; 0                         ; 1                     ; 0                       ; 0                     ; 1                   ;
; next_command.Print_String  ; 0                          ; 0                        ; 0                   ; 0                 ; 0                   ; 0                       ; 0                        ; 0                  ; 1                         ; 0                     ; 0                       ; 0                     ; 1                   ;
; next_command.LINE2         ; 0                          ; 0                        ; 0                   ; 0                 ; 0                   ; 0                       ; 0                        ; 1                  ; 0                         ; 0                     ; 0                       ; 0                     ; 1                   ;
; next_command.RETURN_HOME   ; 0                          ; 0                        ; 0                   ; 0                 ; 0                   ; 0                       ; 1                        ; 0                  ; 0                         ; 0                     ; 0                       ; 0                     ; 1                   ;
; next_command.DROP_LCD_E    ; 0                          ; 0                        ; 0                   ; 0                 ; 0                   ; 1                       ; 0                        ; 0                  ; 0                         ; 0                     ; 0                       ; 0                     ; 1                   ;
; next_command.RESET1        ; 0                          ; 0                        ; 0                   ; 0                 ; 1                   ; 0                       ; 0                        ; 0                  ; 0                         ; 0                     ; 0                       ; 0                     ; 1                   ;
; next_command.HOLD          ; 0                          ; 0                        ; 0                   ; 1                 ; 0                   ; 0                       ; 0                        ; 0                  ; 0                         ; 0                     ; 0                       ; 0                     ; 1                   ;
; next_command.RESET3        ; 0                          ; 0                        ; 1                   ; 0                 ; 0                   ; 0                       ; 0                        ; 0                  ; 0                         ; 0                     ; 0                       ; 0                     ; 1                   ;
; next_command.DISPLAY_OFF   ; 0                          ; 1                        ; 0                   ; 0                 ; 0                   ; 0                       ; 0                        ; 0                  ; 0                         ; 0                     ; 0                       ; 0                     ; 1                   ;
; next_command.DISPLAY_CLEAR ; 1                          ; 0                        ; 0                   ; 0                 ; 0                   ; 0                       ; 0                        ; 0                  ; 0                         ; 0                     ; 0                       ; 0                     ; 1                   ;
+----------------------------+----------------------------+--------------------------+---------------------+-------------------+---------------------+-------------------------+--------------------------+--------------------+---------------------------+-----------------------+-------------------------+-----------------------+---------------------+


Encoding Type:  One-Hot
+--------------------------------------------------------------------------------------------------------------------------------------------------------------------------------------------------------------------------------------------------------+
; State Machine - |VGA_Test|VGA_SYNC_module:U1|LCD_Display:U1|state                                                                                                                                                                                      ;
+---------------------+---------------------+-------------------+--------------+--------------+------------+------------------+-------------------+-------------+--------------------+----------------+------------------+----------------+--------------+
; Name                ; state.DISPLAY_CLEAR ; state.DISPLAY_OFF ; state.RESET3 ; state.RESET2 ; state.HOLD ; state.DROP_LCD_E ; state.RETURN_HOME ; state.LINE2 ; state.Print_String ; state.MODE_SET ; state.DISPLAY_ON ; state.FUNC_SET ; state.RESET1 ;
+---------------------+---------------------+-------------------+--------------+--------------+------------+------------------+-------------------+-------------+--------------------+----------------+------------------+----------------+--------------+
; state.RESET1        ; 0                   ; 0                 ; 0            ; 0            ; 0          ; 0                ; 0                 ; 0           ; 0                  ; 0              ; 0                ; 0              ; 0            ;
; state.FUNC_SET      ; 0                   ; 0                 ; 0            ; 0            ; 0          ; 0                ; 0                 ; 0           ; 0                  ; 0              ; 0                ; 1              ; 1            ;
; state.DISPLAY_ON    ; 0                   ; 0                 ; 0            ; 0            ; 0          ; 0                ; 0                 ; 0           ; 0                  ; 0              ; 1                ; 0              ; 1            ;
; state.MODE_SET      ; 0                   ; 0                 ; 0            ; 0            ; 0          ; 0                ; 0                 ; 0           ; 0                  ; 1              ; 0                ; 0              ; 1            ;
; state.Print_String  ; 0                   ; 0                 ; 0            ; 0            ; 0          ; 0                ; 0                 ; 0           ; 1                  ; 0              ; 0                ; 0              ; 1            ;
; state.LINE2         ; 0                   ; 0                 ; 0            ; 0            ; 0          ; 0                ; 0                 ; 1           ; 0                  ; 0              ; 0                ; 0              ; 1            ;
; state.RETURN_HOME   ; 0                   ; 0                 ; 0            ; 0            ; 0          ; 0                ; 1                 ; 0           ; 0                  ; 0              ; 0                ; 0              ; 1            ;
; state.DROP_LCD_E    ; 0                   ; 0                 ; 0            ; 0            ; 0          ; 1                ; 0                 ; 0           ; 0                  ; 0              ; 0                ; 0              ; 1            ;
; state.HOLD          ; 0                   ; 0                 ; 0            ; 0            ; 1          ; 0                ; 0                 ; 0           ; 0                  ; 0              ; 0                ; 0              ; 1            ;
; state.RESET2        ; 0                   ; 0                 ; 0            ; 1            ; 0          ; 0                ; 0                 ; 0           ; 0                  ; 0              ; 0                ; 0              ; 1            ;
; state.RESET3        ; 0                   ; 0                 ; 1            ; 0            ; 0          ; 0                ; 0                 ; 0           ; 0                  ; 0              ; 0                ; 0              ; 1            ;
; state.DISPLAY_OFF   ; 0                   ; 1                 ; 0            ; 0            ; 0          ; 0                ; 0                 ; 0           ; 0                  ; 0              ; 0                ; 0              ; 1            ;
; state.DISPLAY_CLEAR ; 1                   ; 0                 ; 0            ; 0            ; 0          ; 0                ; 0                 ; 0           ; 0                  ; 0              ; 0                ; 0              ; 1            ;
+---------------------+---------------------+-------------------+--------------+--------------+------------+------------------+-------------------+-------------+--------------------+----------------+------------------+----------------+--------------+


Encoding Type:  One-Hot
+----------------------------------------------------------------------------------------------------------------------------------------------------------------------------------------------------------------------------------------------------------------------------------------------------------------------------------------------------------+
; State Machine - |VGA_Test|LCD_Display:U2|next_command                                                                                                                                                                                                                                                                                                    ;
+----------------------------+----------------------------+--------------------------+---------------------+-------------------+---------------------+-------------------------+--------------------------+--------------------+---------------------------+-----------------------+-------------------------+-----------------------+---------------------+
; Name                       ; next_command.DISPLAY_CLEAR ; next_command.DISPLAY_OFF ; next_command.RESET3 ; next_command.HOLD ; next_command.RESET1 ; next_command.DROP_LCD_E ; next_command.RETURN_HOME ; next_command.LINE2 ; next_command.Print_String ; next_command.MODE_SET ; next_command.DISPLAY_ON ; next_command.FUNC_SET ; next_command.RESET2 ;
+----------------------------+----------------------------+--------------------------+---------------------+-------------------+---------------------+-------------------------+--------------------------+--------------------+---------------------------+-----------------------+-------------------------+-----------------------+---------------------+
; next_command.RESET2        ; 0                          ; 0                        ; 0                   ; 0                 ; 0                   ; 0                       ; 0                        ; 0                  ; 0                         ; 0                     ; 0                       ; 0                     ; 0                   ;
; next_command.FUNC_SET      ; 0                          ; 0                        ; 0                   ; 0                 ; 0                   ; 0                       ; 0                        ; 0                  ; 0                         ; 0                     ; 0                       ; 1                     ; 1                   ;
; next_command.DISPLAY_ON    ; 0                          ; 0                        ; 0                   ; 0                 ; 0                   ; 0                       ; 0                        ; 0                  ; 0                         ; 0                     ; 1                       ; 0                     ; 1                   ;
; next_command.MODE_SET      ; 0                          ; 0                        ; 0                   ; 0                 ; 0                   ; 0                       ; 0                        ; 0                  ; 0                         ; 1                     ; 0                       ; 0                     ; 1                   ;
; next_command.Print_String  ; 0                          ; 0                        ; 0                   ; 0                 ; 0                   ; 0                       ; 0                        ; 0                  ; 1                         ; 0                     ; 0                       ; 0                     ; 1                   ;
; next_command.LINE2         ; 0                          ; 0                        ; 0                   ; 0                 ; 0                   ; 0                       ; 0                        ; 1                  ; 0                         ; 0                     ; 0                       ; 0                     ; 1                   ;
; next_command.RETURN_HOME   ; 0                          ; 0                        ; 0                   ; 0                 ; 0                   ; 0                       ; 1                        ; 0                  ; 0                         ; 0                     ; 0                       ; 0                     ; 1                   ;
; next_command.DROP_LCD_E    ; 0                          ; 0                        ; 0                   ; 0                 ; 0                   ; 1                       ; 0                        ; 0                  ; 0                         ; 0                     ; 0                       ; 0                     ; 1                   ;
; next_command.RESET1        ; 0                          ; 0                        ; 0                   ; 0                 ; 1                   ; 0                       ; 0                        ; 0                  ; 0                         ; 0                     ; 0                       ; 0                     ; 1                   ;
; next_command.HOLD          ; 0                          ; 0                        ; 0                   ; 1                 ; 0                   ; 0                       ; 0                        ; 0                  ; 0                         ; 0                     ; 0                       ; 0                     ; 1                   ;
; next_command.RESET3        ; 0                          ; 0                        ; 1                   ; 0                 ; 0                   ; 0                       ; 0                        ; 0                  ; 0                         ; 0                     ; 0                       ; 0                     ; 1                   ;
; next_command.DISPLAY_OFF   ; 0                          ; 1                        ; 0                   ; 0                 ; 0                   ; 0                       ; 0                        ; 0                  ; 0                         ; 0                     ; 0                       ; 0                     ; 1                   ;
; next_command.DISPLAY_CLEAR ; 1                          ; 0                        ; 0                   ; 0                 ; 0                   ; 0                       ; 0                        ; 0                  ; 0                         ; 0                     ; 0                       ; 0                     ; 1                   ;
+----------------------------+----------------------------+--------------------------+---------------------+-------------------+---------------------+-------------------------+--------------------------+--------------------+---------------------------+-----------------------+-------------------------+-----------------------+---------------------+


Encoding Type:  One-Hot
+--------------------------------------------------------------------------------------------------------------------------------------------------------------------------------------------------------------------------------------------------------+
; State Machine - |VGA_Test|LCD_Display:U2|state                                                                                                                                                                                                         ;
+---------------------+---------------------+-------------------+--------------+--------------+------------+------------------+-------------------+-------------+--------------------+----------------+------------------+----------------+--------------+
; Name                ; state.DISPLAY_CLEAR ; state.DISPLAY_OFF ; state.RESET3 ; state.RESET2 ; state.HOLD ; state.DROP_LCD_E ; state.RETURN_HOME ; state.LINE2 ; state.Print_String ; state.MODE_SET ; state.DISPLAY_ON ; state.FUNC_SET ; state.RESET1 ;
+---------------------+---------------------+-------------------+--------------+--------------+------------+------------------+-------------------+-------------+--------------------+----------------+------------------+----------------+--------------+
; state.RESET1        ; 0                   ; 0                 ; 0            ; 0            ; 0          ; 0                ; 0                 ; 0           ; 0                  ; 0              ; 0                ; 0              ; 0            ;
; state.FUNC_SET      ; 0                   ; 0                 ; 0            ; 0            ; 0          ; 0                ; 0                 ; 0           ; 0                  ; 0              ; 0                ; 1              ; 1            ;
; state.DISPLAY_ON    ; 0                   ; 0                 ; 0            ; 0            ; 0          ; 0                ; 0                 ; 0           ; 0                  ; 0              ; 1                ; 0              ; 1            ;
; state.MODE_SET      ; 0                   ; 0                 ; 0            ; 0            ; 0          ; 0                ; 0                 ; 0           ; 0                  ; 1              ; 0                ; 0              ; 1            ;
; state.Print_String  ; 0                   ; 0                 ; 0            ; 0            ; 0          ; 0                ; 0                 ; 0           ; 1                  ; 0              ; 0                ; 0              ; 1            ;
; state.LINE2         ; 0                   ; 0                 ; 0            ; 0            ; 0          ; 0                ; 0                 ; 1           ; 0                  ; 0              ; 0                ; 0              ; 1            ;
; state.RETURN_HOME   ; 0                   ; 0                 ; 0            ; 0            ; 0          ; 0                ; 1                 ; 0           ; 0                  ; 0              ; 0                ; 0              ; 1            ;
; state.DROP_LCD_E    ; 0                   ; 0                 ; 0            ; 0            ; 0          ; 1                ; 0                 ; 0           ; 0                  ; 0              ; 0                ; 0              ; 1            ;
; state.HOLD          ; 0                   ; 0                 ; 0            ; 0            ; 1          ; 0                ; 0                 ; 0           ; 0                  ; 0              ; 0                ; 0              ; 1            ;
; state.RESET2        ; 0                   ; 0                 ; 0            ; 1            ; 0          ; 0                ; 0                 ; 0           ; 0                  ; 0              ; 0                ; 0              ; 1            ;
; state.RESET3        ; 0                   ; 0                 ; 1            ; 0            ; 0          ; 0                ; 0                 ; 0           ; 0                  ; 0              ; 0                ; 0              ; 1            ;
; state.DISPLAY_OFF   ; 0                   ; 1                 ; 0            ; 0            ; 0          ; 0                ; 0                 ; 0           ; 0                  ; 0              ; 0                ; 0              ; 1            ;
; state.DISPLAY_CLEAR ; 1                   ; 0                 ; 0            ; 0            ; 0          ; 0                ; 0                 ; 0           ; 0                  ; 0              ; 0                ; 0              ; 1            ;
+---------------------+---------------------+-------------------+--------------+--------------+------------+------------------+-------------------+-------------+--------------------+----------------+------------------+----------------+--------------+


+-------------------------------------------------------------------------------------------------------------------+
; Registers Removed During Synthesis                                                                                ;
+--------------------------------------------------------------+----------------------------------------------------+
; Register name                                                ; Reason for Removal                                 ;
+--------------------------------------------------------------+----------------------------------------------------+
; VGA_SYNC_module:U1|LCD_Display:U1|CLK_400HZ_Enable           ; Merged with LCD_Display:U2|CLK_400HZ_Enable        ;
; VGA_SYNC_module:U1|LCD_Display:U1|CLK_COUNT_400HZ[19]        ; Merged with LCD_Display:U2|CLK_COUNT_400HZ[19]     ;
; VGA_SYNC_module:U1|LCD_Display:U1|CLK_COUNT_400HZ[18]        ; Merged with LCD_Display:U2|CLK_COUNT_400HZ[18]     ;
; VGA_SYNC_module:U1|LCD_Display:U1|CLK_COUNT_400HZ[17]        ; Merged with LCD_Display:U2|CLK_COUNT_400HZ[17]     ;
; VGA_SYNC_module:U1|LCD_Display:U1|CLK_COUNT_400HZ[16]        ; Merged with LCD_Display:U2|CLK_COUNT_400HZ[16]     ;
; VGA_SYNC_module:U1|LCD_Display:U1|CLK_COUNT_400HZ[15]        ; Merged with LCD_Display:U2|CLK_COUNT_400HZ[15]     ;
; VGA_SYNC_module:U1|LCD_Display:U1|CLK_COUNT_400HZ[14]        ; Merged with LCD_Display:U2|CLK_COUNT_400HZ[14]     ;
; VGA_SYNC_module:U1|LCD_Display:U1|CLK_COUNT_400HZ[13]        ; Merged with LCD_Display:U2|CLK_COUNT_400HZ[13]     ;
; VGA_SYNC_module:U1|LCD_Display:U1|CLK_COUNT_400HZ[12]        ; Merged with LCD_Display:U2|CLK_COUNT_400HZ[12]     ;
; VGA_SYNC_module:U1|LCD_Display:U1|CLK_COUNT_400HZ[11]        ; Merged with LCD_Display:U2|CLK_COUNT_400HZ[11]     ;
; VGA_SYNC_module:U1|LCD_Display:U1|CLK_COUNT_400HZ[10]        ; Merged with LCD_Display:U2|CLK_COUNT_400HZ[10]     ;
; VGA_SYNC_module:U1|LCD_Display:U1|CLK_COUNT_400HZ[9]         ; Merged with LCD_Display:U2|CLK_COUNT_400HZ[9]      ;
; VGA_SYNC_module:U1|LCD_Display:U1|CLK_COUNT_400HZ[8]         ; Merged with LCD_Display:U2|CLK_COUNT_400HZ[8]      ;
; VGA_SYNC_module:U1|LCD_Display:U1|CLK_COUNT_400HZ[7]         ; Merged with LCD_Display:U2|CLK_COUNT_400HZ[7]      ;
; VGA_SYNC_module:U1|LCD_Display:U1|CLK_COUNT_400HZ[6]         ; Merged with LCD_Display:U2|CLK_COUNT_400HZ[6]      ;
; VGA_SYNC_module:U1|LCD_Display:U1|CLK_COUNT_400HZ[5]         ; Merged with LCD_Display:U2|CLK_COUNT_400HZ[5]      ;
; VGA_SYNC_module:U1|LCD_Display:U1|CLK_COUNT_400HZ[4]         ; Merged with LCD_Display:U2|CLK_COUNT_400HZ[4]      ;
; VGA_SYNC_module:U1|LCD_Display:U1|CLK_COUNT_400HZ[3]         ; Merged with LCD_Display:U2|CLK_COUNT_400HZ[3]      ;
; VGA_SYNC_module:U1|LCD_Display:U1|CLK_COUNT_400HZ[2]         ; Merged with LCD_Display:U2|CLK_COUNT_400HZ[2]      ;
; VGA_SYNC_module:U1|LCD_Display:U1|CLK_COUNT_400HZ[1]         ; Merged with LCD_Display:U2|CLK_COUNT_400HZ[1]      ;
; VGA_SYNC_module:U1|LCD_Display:U1|CLK_COUNT_400HZ[0]         ; Merged with LCD_Display:U2|CLK_COUNT_400HZ[0]      ;
; VGA_SYNC_module:U1|LCD_Display:U1|CHAR_COUNT[0..4]           ; Lost fanout                                        ;
; VGA_SYNC_module:U1|LCD_Display:U1|next_command.RESET2        ; Lost fanout                                        ;
; VGA_SYNC_module:U1|LCD_Display:U1|next_command.FUNC_SET      ; Lost fanout                                        ;
; VGA_SYNC_module:U1|LCD_Display:U1|next_command.DISPLAY_ON    ; Lost fanout                                        ;
; VGA_SYNC_module:U1|LCD_Display:U1|next_command.MODE_SET      ; Lost fanout                                        ;
; VGA_SYNC_module:U1|LCD_Display:U1|next_command.Print_String  ; Lost fanout                                        ;
; VGA_SYNC_module:U1|LCD_Display:U1|next_command.LINE2         ; Lost fanout                                        ;
; VGA_SYNC_module:U1|LCD_Display:U1|next_command.RETURN_HOME   ; Lost fanout                                        ;
; VGA_SYNC_module:U1|LCD_Display:U1|next_command.DROP_LCD_E    ; Lost fanout                                        ;
; VGA_SYNC_module:U1|LCD_Display:U1|next_command.RESET1        ; Lost fanout                                        ;
; VGA_SYNC_module:U1|LCD_Display:U1|next_command.HOLD          ; Lost fanout                                        ;
; VGA_SYNC_module:U1|LCD_Display:U1|next_command.RESET3        ; Lost fanout                                        ;
; VGA_SYNC_module:U1|LCD_Display:U1|next_command.DISPLAY_OFF   ; Lost fanout                                        ;
; VGA_SYNC_module:U1|LCD_Display:U1|next_command.DISPLAY_CLEAR ; Lost fanout                                        ;
; VGA_SYNC_module:U1|LCD_Display:U1|state.RESET1               ; Lost fanout                                        ;
; VGA_SYNC_module:U1|LCD_Display:U1|state.FUNC_SET             ; Lost fanout                                        ;
; VGA_SYNC_module:U1|LCD_Display:U1|state.DISPLAY_ON           ; Lost fanout                                        ;
; VGA_SYNC_module:U1|LCD_Display:U1|state.MODE_SET             ; Lost fanout                                        ;
; VGA_SYNC_module:U1|LCD_Display:U1|state.Print_String         ; Lost fanout                                        ;
; VGA_SYNC_module:U1|LCD_Display:U1|state.LINE2                ; Lost fanout                                        ;
; VGA_SYNC_module:U1|LCD_Display:U1|state.RETURN_HOME          ; Lost fanout                                        ;
; VGA_SYNC_module:U1|LCD_Display:U1|state.DROP_LCD_E           ; Lost fanout                                        ;
; VGA_SYNC_module:U1|LCD_Display:U1|state.HOLD                 ; Lost fanout                                        ;
; VGA_SYNC_module:U1|LCD_Display:U1|state.RESET2               ; Lost fanout                                        ;
; VGA_SYNC_module:U1|LCD_Display:U1|state.RESET3               ; Lost fanout                                        ;
; VGA_SYNC_module:U1|LCD_Display:U1|state.DISPLAY_OFF          ; Lost fanout                                        ;
; VGA_SYNC_module:U1|LCD_Display:U1|state.DISPLAY_CLEAR        ; Lost fanout                                        ;
; LCD_Display:U2|next_command.HOLD                             ; Merged with LCD_Display:U2|next_command.DROP_LCD_E ;
; LCD_Display:U2|next_command.RESET1                           ; Merged with LCD_Display:U2|next_command.DROP_LCD_E ;
; LCD_Display:U2|next_command.DROP_LCD_E                       ; Stuck at GND due to stuck port data_in             ;
; Total Number of Removed Registers = 55                       ;                                                    ;
+--------------------------------------------------------------+----------------------------------------------------+


+-----------------------------------------------------------------------------------------------------------------------------+
; Removed Registers Triggering Further Register Optimizations                                                                 ;
+-------------------------------------------------+--------------------+------------------------------------------------------+
; Register name                                   ; Reason for Removal ; Registers Removed due to This Register               ;
+-------------------------------------------------+--------------------+------------------------------------------------------+
; VGA_SYNC_module:U1|LCD_Display:U1|CHAR_COUNT[0] ; Lost Fanouts       ; VGA_SYNC_module:U1|LCD_Display:U1|CHAR_COUNT[4],     ;
;                                                 ;                    ; VGA_SYNC_module:U1|LCD_Display:U1|state.RESET1,      ;
;                                                 ;                    ; VGA_SYNC_module:U1|LCD_Display:U1|state.Print_String ;
+-------------------------------------------------+--------------------+------------------------------------------------------+


+------------------------------------------------------+
; General Register Statistics                          ;
+----------------------------------------------+-------+
; Statistic                                    ; Value ;
+----------------------------------------------+-------+
; Total registers                              ; 60    ;
; Number of registers using Synchronous Clear  ; 20    ;
; Number of registers using Synchronous Load   ; 5     ;
; Number of registers using Asynchronous Clear ; 34    ;
; Number of registers using Asynchronous Load  ; 0     ;
; Number of registers using Clock Enable       ; 38    ;
; Number of registers using Preset             ; 0     ;
+----------------------------------------------+-------+


+--------------------------------------------------+
; Inverted Register Statistics                     ;
+----------------------------------------+---------+
; Inverted Register                      ; Fan out ;
+----------------------------------------+---------+
; LCD_Display:U2|LCD_E                   ; 2       ;
; LCD_Display:U2|LCD_RW_INT              ; 9       ;
; LCD_Display:U2|DATA_BUS_VALUE[3]       ; 2       ;
; LCD_Display:U2|DATA_BUS_VALUE[4]       ; 1       ;
; LCD_Display:U2|DATA_BUS_VALUE[5]       ; 1       ;
; Total number of inverted registers = 5 ;         ;
+----------------------------------------+---------+


+-----------------------------------------------------------------------------------------------------------------------------------------------------------------+
; Multiplexer Restructuring Statistics (Restructuring Performed)                                                                                                  ;
+--------------------+-----------+---------------+----------------------+------------------------+------------+---------------------------------------------------+
; Multiplexer Inputs ; Bus Width ; Baseline Area ; Area if Restructured ; Saving if Restructured ; Registered ; Example Multiplexer Output                        ;
+--------------------+-----------+---------------+----------------------+------------------------+------------+---------------------------------------------------+
; 3:1                ; 20 bits   ; 40 LEs        ; 20 LEs               ; 20 LEs                 ; Yes        ; |VGA_Test|LCD_Display:U2|CLK_COUNT_400HZ[14]      ;
; 5:1                ; 2 bits    ; 6 LEs         ; 6 LEs                ; 0 LEs                  ; Yes        ; |VGA_Test|LCD_Display:U2|DATA_BUS_VALUE[5]        ;
; 3:1                ; 11 bits   ; 22 LEs        ; 22 LEs               ; 0 LEs                  ; No         ; |VGA_Test|VGA_SYNC_module:U1|LCD_Display:U1|state ;
; 3:1                ; 11 bits   ; 22 LEs        ; 22 LEs               ; 0 LEs                  ; No         ; |VGA_Test|LCD_Display:U2|state                    ;
; 32:1               ; 4 bits    ; 84 LEs        ; 36 LEs               ; 48 LEs                 ; No         ; |VGA_Test|LCD_Display:U2|Mux6                     ;
+--------------------+-----------+---------------+----------------------+------------------------+------------+---------------------------------------------------+


+-------------------------------------------------------------+
; Parameter Settings for User Entity Instance: LCD_Display:U2 ;
+----------------+-------+------------------------------------+
; Parameter Name ; Value ; Type                               ;
+----------------+-------+------------------------------------+
; num_hex_digits ; 2     ; Signed Integer                     ;
+----------------+-------+------------------------------------+
Note: In order to hide this table in the UI and the text report file, please set the "Show Parameter Settings in Synthesis Report" option in "Analysis and Synthesis Settings -> More Settings" to "Off".


+--------------------------------------------------------------------------------+
; Parameter Settings for User Entity Instance: VGA_SYNC_module:U1|LCD_Display:U1 ;
+----------------+-------+-------------------------------------------------------+
; Parameter Name ; Value ; Type                                                  ;
+----------------+-------+-------------------------------------------------------+
; num_hex_digits ; 2     ; Signed Integer                                        ;
+----------------+-------+-------------------------------------------------------+
Note: In order to hide this table in the UI and the text report file, please set the "Show Parameter Settings in Synthesis Report" option in "Analysis and Synthesis Settings -> More Settings" to "Off".


+---------------------------------------------------------------------------------------------------------------------------------------------+
; Port Connectivity Checks: "VGA_SYNC_module:U1"                                                                                              ;
+--------------+--------+----------+----------------------------------------------------------------------------------------------------------+
; Port         ; Type   ; Severity ; Details                                                                                                  ;
+--------------+--------+----------+----------------------------------------------------------------------------------------------------------+
; red          ; Input  ; Info     ; Stuck at GND                                                                                             ;
; green        ; Input  ; Info     ; Stuck at GND                                                                                             ;
; blue         ; Input  ; Info     ; Stuck at GND                                                                                             ;
; pixel_row    ; Output ; Info     ; Connected to dangling logic. Logic that only feeds a dangling port will be removed.                      ;
; pixel_column ; Output ; Info     ; Connected to dangling logic. Logic that only feeds a dangling port will be removed.                      ;
; lcd_blon     ; Output ; Warning  ; Declared by entity but not connected by instance. Logic that only feeds a dangling port will be removed. ;
; lcd_en       ; Output ; Warning  ; Declared by entity but not connected by instance. Logic that only feeds a dangling port will be removed. ;
; lcd_on       ; Output ; Warning  ; Declared by entity but not connected by instance. Logic that only feeds a dangling port will be removed. ;
; lcd_rs       ; Output ; Warning  ; Declared by entity but not connected by instance. Logic that only feeds a dangling port will be removed. ;
; lcd_rw       ; Output ; Warning  ; Declared by entity but not connected by instance. Logic that only feeds a dangling port will be removed. ;
; lcd_data     ; Bidir  ; Warning  ; Declared by entity but not connected by instance. Logic that only feeds a dangling port will be removed. ;
+--------------+--------+----------+----------------------------------------------------------------------------------------------------------+


+-----------------------------------------------------+
; Post-Synthesis Netlist Statistics for Top Partition ;
+-----------------------+-----------------------------+
; Type                  ; Count                       ;
+-----------------------+-----------------------------+
; boundary_port         ; 65                          ;
; cycloneiii_ff         ; 60                          ;
;     CLR               ; 1                           ;
;     ENA CLR           ; 33                          ;
;     ENA SLD           ; 5                           ;
;     SCLR              ; 20                          ;
;     plain             ; 1                           ;
; cycloneiii_io_obuf    ; 8                           ;
; cycloneiii_lcell_comb ; 115                         ;
;     arith             ; 23                          ;
;         2 data inputs ; 23                          ;
;     normal            ; 92                          ;
;         0 data inputs ; 2                           ;
;         1 data inputs ; 4                           ;
;         2 data inputs ; 21                          ;
;         3 data inputs ; 12                          ;
;         4 data inputs ; 53                          ;
;                       ;                             ;
; Max LUT depth         ; 6.00                        ;
; Average LUT depth     ; 2.76                        ;
+-----------------------+-----------------------------+


+-------------------------------+
; Elapsed Time Per Partition    ;
+----------------+--------------+
; Partition Name ; Elapsed Time ;
+----------------+--------------+
; Top            ; 00:00:00     ;
+----------------+--------------+


+-------------------------------+
; Analysis & Synthesis Messages ;
+-------------------------------+
Info: *******************************************************************
Info: Running Quartus Prime Analysis & Synthesis
    Info: Version 21.1.0 Build 842 10/21/2021 SJ Lite Edition
    Info: Processing started: Thu May  5 21:07:20 2022
Info: Command: quartus_map --read_settings_files=on --write_settings_files=off LEG16 -c LEG16
Warning (18236): Number of processors has not been specified which may cause overloading on shared machines.  Set the global assignment NUM_PARALLEL_PROCESSORS in your QSF to an appropriate value for best performance.
Info (20030): Parallel compilation is enabled and will use 4 of the 4 processors detected
Info (12021): Found 2 design units, including 1 entities, in source file lcd_test.vhd
    Info (12022): Found design unit 1: LCD_Test-structural File: C:/Users/rab24ack/Desktop/FPGADesign/FinalProject/LEG16/Quartus/LCD_Test.vhd Line: 70
    Info (12023): Found entity 1: LCD_Test File: C:/Users/rab24ack/Desktop/FPGADesign/FinalProject/LEG16/Quartus/LCD_Test.vhd Line: 35
Info (12021): Found 2 design units, including 1 entities, in source file lcd_display.vhd
    Info (12022): Found design unit 1: LCD_Display-ab File: C:/Users/rab24ack/Desktop/FPGADesign/FinalProject/LEG16/Quartus/LCD_Display.vhd Line: 53
    Info (12023): Found entity 1: LCD_Display File: C:/Users/rab24ack/Desktop/FPGADesign/FinalProject/LEG16/Quartus/LCD_Display.vhd Line: 8
Info (12021): Found 2 design units, including 1 entities, in source file de2_vga/video_pll.vhd
    Info (12022): Found design unit 1: video_pll-SYN File: C:/Users/rab24ack/Desktop/FPGADesign/FinalProject/LEG16/Quartus/DE2_VGA/video_PLL.vhd Line: 51
    Info (12023): Found entity 1: video_PLL File: C:/Users/rab24ack/Desktop/FPGADesign/FinalProject/LEG16/Quartus/DE2_VGA/video_PLL.vhd Line: 42
Info (12021): Found 2 design units, including 1 entities, in source file de2_vga/vga_test.vhd
    Info (12022): Found design unit 1: VGA_Test-structural File: C:/Users/rab24ack/Desktop/FPGADesign/FinalProject/LEG16/Quartus/DE2_VGA/VGA_Test.vhd Line: 85
    Info (12023): Found entity 1: VGA_Test File: C:/Users/rab24ack/Desktop/FPGADesign/FinalProject/LEG16/Quartus/DE2_VGA/VGA_Test.vhd Line: 36
Info (12021): Found 2 design units, including 1 entities, in source file de2_vga/vga_sync.vhd
    Info (12022): Found design unit 1: VGA_SYNC_module-a File: C:/Users/rab24ack/Desktop/FPGADesign/FinalProject/LEG16/Quartus/DE2_VGA/VGA_SYNC.VHD Line: 35
    Info (12023): Found entity 1: VGA_SYNC_module File: C:/Users/rab24ack/Desktop/FPGADesign/FinalProject/LEG16/Quartus/DE2_VGA/VGA_SYNC.VHD Line: 11
Info (12127): Elaborating entity "VGA_Test" for the top level hierarchy
Warning (10541): VHDL Signal Declaration warning at VGA_Test.vhd(62): used implicit default value for signal "VGA_SYNC_N" because signal was never assigned a value or an explicit default value. Use of implicit default value may introduce unintended design optimizations. File: C:/Users/rab24ack/Desktop/FPGADesign/FinalProject/LEG16/Quartus/DE2_VGA/VGA_Test.vhd Line: 62
Warning (10036): Verilog HDL or VHDL warning at VGA_Test.vhd(120): object "pixel_row_int" assigned a value but never read File: C:/Users/rab24ack/Desktop/FPGADesign/FinalProject/LEG16/Quartus/DE2_VGA/VGA_Test.vhd Line: 120
Warning (10036): Verilog HDL or VHDL warning at VGA_Test.vhd(121): object "pixel_column_int" assigned a value but never read File: C:/Users/rab24ack/Desktop/FPGADesign/FinalProject/LEG16/Quartus/DE2_VGA/VGA_Test.vhd Line: 121
Warning (10540): VHDL Signal Declaration warning at VGA_Test.vhd(122): used explicit default value for signal "currentColor" because signal was never assigned a value File: C:/Users/rab24ack/Desktop/FPGADesign/FinalProject/LEG16/Quartus/DE2_VGA/VGA_Test.vhd Line: 122
Info (12128): Elaborating entity "LCD_Display" for hierarchy "LCD_Display:U2" File: C:/Users/rab24ack/Desktop/FPGADesign/FinalProject/LEG16/Quartus/DE2_VGA/VGA_Test.vhd Line: 133
Info (12128): Elaborating entity "VGA_SYNC_module" for hierarchy "VGA_SYNC_module:U1" File: C:/Users/rab24ack/Desktop/FPGADesign/FinalProject/LEG16/Quartus/DE2_VGA/VGA_Test.vhd Line: 145
Warning (10541): VHDL Signal Declaration warning at VGA_SYNC.VHD(13): used implicit default value for signal "red_out" because signal was never assigned a value or an explicit default value. Use of implicit default value may introduce unintended design optimizations. File: C:/Users/rab24ack/Desktop/FPGADesign/FinalProject/LEG16/Quartus/DE2_VGA/VGA_SYNC.VHD Line: 13
Warning (10541): VHDL Signal Declaration warning at VGA_SYNC.VHD(13): used implicit default value for signal "green_out" because signal was never assigned a value or an explicit default value. Use of implicit default value may introduce unintended design optimizations. File: C:/Users/rab24ack/Desktop/FPGADesign/FinalProject/LEG16/Quartus/DE2_VGA/VGA_SYNC.VHD Line: 13
Warning (10541): VHDL Signal Declaration warning at VGA_SYNC.VHD(13): used implicit default value for signal "blue_out" because signal was never assigned a value or an explicit default value. Use of implicit default value may introduce unintended design optimizations. File: C:/Users/rab24ack/Desktop/FPGADesign/FinalProject/LEG16/Quartus/DE2_VGA/VGA_SYNC.VHD Line: 13
Warning (10541): VHDL Signal Declaration warning at VGA_SYNC.VHD(14): used implicit default value for signal "horiz_sync_out" because signal was never assigned a value or an explicit default value. Use of implicit default value may introduce unintended design optimizations. File: C:/Users/rab24ack/Desktop/FPGADesign/FinalProject/LEG16/Quartus/DE2_VGA/VGA_SYNC.VHD Line: 14
Warning (10541): VHDL Signal Declaration warning at VGA_SYNC.VHD(14): used implicit default value for signal "vert_sync_out" because signal was never assigned a value or an explicit default value. Use of implicit default value may introduce unintended design optimizations. File: C:/Users/rab24ack/Desktop/FPGADesign/FinalProject/LEG16/Quartus/DE2_VGA/VGA_SYNC.VHD Line: 14
Warning (10541): VHDL Signal Declaration warning at VGA_SYNC.VHD(14): used implicit default value for signal "video_on" because signal was never assigned a value or an explicit default value. Use of implicit default value may introduce unintended design optimizations. File: C:/Users/rab24ack/Desktop/FPGADesign/FinalProject/LEG16/Quartus/DE2_VGA/VGA_SYNC.VHD Line: 14
Warning (10541): VHDL Signal Declaration warning at VGA_SYNC.VHD(14): used implicit default value for signal "pixel_clock" because signal was never assigned a value or an explicit default value. Use of implicit default value may introduce unintended design optimizations. File: C:/Users/rab24ack/Desktop/FPGADesign/FinalProject/LEG16/Quartus/DE2_VGA/VGA_SYNC.VHD Line: 14
Warning (10541): VHDL Signal Declaration warning at VGA_SYNC.VHD(16): used implicit default value for signal "pixel_row" because signal was never assigned a value or an explicit default value. Use of implicit default value may introduce unintended design optimizations. File: C:/Users/rab24ack/Desktop/FPGADesign/FinalProject/LEG16/Quartus/DE2_VGA/VGA_SYNC.VHD Line: 16
Warning (10541): VHDL Signal Declaration warning at VGA_SYNC.VHD(16): used implicit default value for signal "pixel_column" because signal was never assigned a value or an explicit default value. Use of implicit default value may introduce unintended design optimizations. File: C:/Users/rab24ack/Desktop/FPGADesign/FinalProject/LEG16/Quartus/DE2_VGA/VGA_SYNC.VHD Line: 16
Warning (12241): 1 hierarchies have connectivity warnings - see the Connectivity Checks report folder
Info (13000): Registers with preset signals will power-up high File: C:/Users/rab24ack/Desktop/FPGADesign/FinalProject/LEG16/Quartus/LCD_Display.vhd Line: 47
Info (13003): DEV_CLRn pin will set, and not reset, register with preset signal due to NOT Gate Push-Back
Warning (13024): Output pins are stuck at VCC or GND
    Warning (13410): Pin "VGA_BLANK_N" is stuck at GND File: C:/Users/rab24ack/Desktop/FPGADesign/FinalProject/LEG16/Quartus/DE2_VGA/VGA_Test.vhd Line: 59
    Warning (13410): Pin "VGA_CLK" is stuck at GND File: C:/Users/rab24ack/Desktop/FPGADesign/FinalProject/LEG16/Quartus/DE2_VGA/VGA_Test.vhd Line: 60
    Warning (13410): Pin "VGA_HS" is stuck at GND File: C:/Users/rab24ack/Desktop/FPGADesign/FinalProject/LEG16/Quartus/DE2_VGA/VGA_Test.vhd Line: 61
    Warning (13410): Pin "VGA_SYNC_N" is stuck at GND File: C:/Users/rab24ack/Desktop/FPGADesign/FinalProject/LEG16/Quartus/DE2_VGA/VGA_Test.vhd Line: 62
    Warning (13410): Pin "VGA_VS" is stuck at GND File: C:/Users/rab24ack/Desktop/FPGADesign/FinalProject/LEG16/Quartus/DE2_VGA/VGA_Test.vhd Line: 63
    Warning (13410): Pin "VGA_R[0]" is stuck at GND File: C:/Users/rab24ack/Desktop/FPGADesign/FinalProject/LEG16/Quartus/DE2_VGA/VGA_Test.vhd Line: 64
    Warning (13410): Pin "VGA_R[1]" is stuck at GND File: C:/Users/rab24ack/Desktop/FPGADesign/FinalProject/LEG16/Quartus/DE2_VGA/VGA_Test.vhd Line: 64
    Warning (13410): Pin "VGA_R[2]" is stuck at GND File: C:/Users/rab24ack/Desktop/FPGADesign/FinalProject/LEG16/Quartus/DE2_VGA/VGA_Test.vhd Line: 64
    Warning (13410): Pin "VGA_R[3]" is stuck at GND File: C:/Users/rab24ack/Desktop/FPGADesign/FinalProject/LEG16/Quartus/DE2_VGA/VGA_Test.vhd Line: 64
    Warning (13410): Pin "VGA_R[4]" is stuck at GND File: C:/Users/rab24ack/Desktop/FPGADesign/FinalProject/LEG16/Quartus/DE2_VGA/VGA_Test.vhd Line: 64
    Warning (13410): Pin "VGA_R[5]" is stuck at GND File: C:/Users/rab24ack/Desktop/FPGADesign/FinalProject/LEG16/Quartus/DE2_VGA/VGA_Test.vhd Line: 64
    Warning (13410): Pin "VGA_R[6]" is stuck at GND File: C:/Users/rab24ack/Desktop/FPGADesign/FinalProject/LEG16/Quartus/DE2_VGA/VGA_Test.vhd Line: 64
    Warning (13410): Pin "VGA_R[7]" is stuck at GND File: C:/Users/rab24ack/Desktop/FPGADesign/FinalProject/LEG16/Quartus/DE2_VGA/VGA_Test.vhd Line: 64
    Warning (13410): Pin "VGA_G[0]" is stuck at GND File: C:/Users/rab24ack/Desktop/FPGADesign/FinalProject/LEG16/Quartus/DE2_VGA/VGA_Test.vhd Line: 65
    Warning (13410): Pin "VGA_G[1]" is stuck at GND File: C:/Users/rab24ack/Desktop/FPGADesign/FinalProject/LEG16/Quartus/DE2_VGA/VGA_Test.vhd Line: 65
    Warning (13410): Pin "VGA_G[2]" is stuck at GND File: C:/Users/rab24ack/Desktop/FPGADesign/FinalProject/LEG16/Quartus/DE2_VGA/VGA_Test.vhd Line: 65
    Warning (13410): Pin "VGA_G[3]" is stuck at GND File: C:/Users/rab24ack/Desktop/FPGADesign/FinalProject/LEG16/Quartus/DE2_VGA/VGA_Test.vhd Line: 65
    Warning (13410): Pin "VGA_G[4]" is stuck at GND File: C:/Users/rab24ack/Desktop/FPGADesign/FinalProject/LEG16/Quartus/DE2_VGA/VGA_Test.vhd Line: 65
    Warning (13410): Pin "VGA_G[5]" is stuck at GND File: C:/Users/rab24ack/Desktop/FPGADesign/FinalProject/LEG16/Quartus/DE2_VGA/VGA_Test.vhd Line: 65
    Warning (13410): Pin "VGA_G[6]" is stuck at GND File: C:/Users/rab24ack/Desktop/FPGADesign/FinalProject/LEG16/Quartus/DE2_VGA/VGA_Test.vhd Line: 65
    Warning (13410): Pin "VGA_G[7]" is stuck at GND File: C:/Users/rab24ack/Desktop/FPGADesign/FinalProject/LEG16/Quartus/DE2_VGA/VGA_Test.vhd Line: 65
    Warning (13410): Pin "VGA_B[0]" is stuck at GND File: C:/Users/rab24ack/Desktop/FPGADesign/FinalProject/LEG16/Quartus/DE2_VGA/VGA_Test.vhd Line: 66
    Warning (13410): Pin "VGA_B[1]" is stuck at GND File: C:/Users/rab24ack/Desktop/FPGADesign/FinalProject/LEG16/Quartus/DE2_VGA/VGA_Test.vhd Line: 66
    Warning (13410): Pin "VGA_B[2]" is stuck at GND File: C:/Users/rab24ack/Desktop/FPGADesign/FinalProject/LEG16/Quartus/DE2_VGA/VGA_Test.vhd Line: 66
    Warning (13410): Pin "VGA_B[3]" is stuck at GND File: C:/Users/rab24ack/Desktop/FPGADesign/FinalProject/LEG16/Quartus/DE2_VGA/VGA_Test.vhd Line: 66
    Warning (13410): Pin "VGA_B[4]" is stuck at GND File: C:/Users/rab24ack/Desktop/FPGADesign/FinalProject/LEG16/Quartus/DE2_VGA/VGA_Test.vhd Line: 66
    Warning (13410): Pin "VGA_B[5]" is stuck at GND File: C:/Users/rab24ack/Desktop/FPGADesign/FinalProject/LEG16/Quartus/DE2_VGA/VGA_Test.vhd Line: 66
    Warning (13410): Pin "VGA_B[6]" is stuck at GND File: C:/Users/rab24ack/Desktop/FPGADesign/FinalProject/LEG16/Quartus/DE2_VGA/VGA_Test.vhd Line: 66
    Warning (13410): Pin "VGA_B[7]" is stuck at GND File: C:/Users/rab24ack/Desktop/FPGADesign/FinalProject/LEG16/Quartus/DE2_VGA/VGA_Test.vhd Line: 66
    Warning (13410): Pin "LCD_BLON" is stuck at VCC File: C:/Users/rab24ack/Desktop/FPGADesign/FinalProject/LEG16/Quartus/DE2_VGA/VGA_Test.vhd Line: 71
    Warning (13410): Pin "LCD_ON" is stuck at VCC File: C:/Users/rab24ack/Desktop/FPGADesign/FinalProject/LEG16/Quartus/DE2_VGA/VGA_Test.vhd Line: 73
Info (286030): Timing-Driven Synthesis is running
Info (17049): 31 registers lost all their fanouts during netlist optimizations.
Info (16010): Generating hard_block partition "hard_block:auto_generated_inst"
    Info (16011): Adding 0 node(s), including 0 DDIO, 0 PLL, 0 transceiver and 0 LCELL
Warning (21074): Design contains 14 input pin(s) that do not drive logic
    Warning (15610): No output dependent on input pin "KEY[0]" File: C:/Users/rab24ack/Desktop/FPGADesign/FinalProject/LEG16/Quartus/DE2_VGA/VGA_Test.vhd Line: 51
    Warning (15610): No output dependent on input pin "KEY[1]" File: C:/Users/rab24ack/Desktop/FPGADesign/FinalProject/LEG16/Quartus/DE2_VGA/VGA_Test.vhd Line: 51
    Warning (15610): No output dependent on input pin "KEY[2]" File: C:/Users/rab24ack/Desktop/FPGADesign/FinalProject/LEG16/Quartus/DE2_VGA/VGA_Test.vhd Line: 51
    Warning (15610): No output dependent on input pin "KEY[3]" File: C:/Users/rab24ack/Desktop/FPGADesign/FinalProject/LEG16/Quartus/DE2_VGA/VGA_Test.vhd Line: 51
    Warning (15610): No output dependent on input pin "SW[8]" File: C:/Users/rab24ack/Desktop/FPGADesign/FinalProject/LEG16/Quartus/DE2_VGA/VGA_Test.vhd Line: 55
    Warning (15610): No output dependent on input pin "SW[9]" File: C:/Users/rab24ack/Desktop/FPGADesign/FinalProject/LEG16/Quartus/DE2_VGA/VGA_Test.vhd Line: 55
    Warning (15610): No output dependent on input pin "SW[10]" File: C:/Users/rab24ack/Desktop/FPGADesign/FinalProject/LEG16/Quartus/DE2_VGA/VGA_Test.vhd Line: 55
    Warning (15610): No output dependent on input pin "SW[11]" File: C:/Users/rab24ack/Desktop/FPGADesign/FinalProject/LEG16/Quartus/DE2_VGA/VGA_Test.vhd Line: 55
    Warning (15610): No output dependent on input pin "SW[12]" File: C:/Users/rab24ack/Desktop/FPGADesign/FinalProject/LEG16/Quartus/DE2_VGA/VGA_Test.vhd Line: 55
    Warning (15610): No output dependent on input pin "SW[13]" File: C:/Users/rab24ack/Desktop/FPGADesign/FinalProject/LEG16/Quartus/DE2_VGA/VGA_Test.vhd Line: 55
    Warning (15610): No output dependent on input pin "SW[14]" File: C:/Users/rab24ack/Desktop/FPGADesign/FinalProject/LEG16/Quartus/DE2_VGA/VGA_Test.vhd Line: 55
    Warning (15610): No output dependent on input pin "SW[15]" File: C:/Users/rab24ack/Desktop/FPGADesign/FinalProject/LEG16/Quartus/DE2_VGA/VGA_Test.vhd Line: 55
    Warning (15610): No output dependent on input pin "SW[16]" File: C:/Users/rab24ack/Desktop/FPGADesign/FinalProject/LEG16/Quartus/DE2_VGA/VGA_Test.vhd Line: 55
    Warning (15610): No output dependent on input pin "SW[17]" File: C:/Users/rab24ack/Desktop/FPGADesign/FinalProject/LEG16/Quartus/DE2_VGA/VGA_Test.vhd Line: 55
Info (21057): Implemented 180 device resources after synthesis - the final resource count might be different
    Info (21058): Implemented 23 input pins
    Info (21059): Implemented 34 output pins
    Info (21060): Implemented 8 bidirectional pins
    Info (21061): Implemented 115 logic cells
Info: Quartus Prime Analysis & Synthesis was successful. 0 errors, 62 warnings
    Info: Peak virtual memory: 677 megabytes
    Info: Processing ended: Thu May  5 21:07:31 2022
    Info: Elapsed time: 00:00:11
    Info: Total CPU time (on all processors): 00:00:23


